<?xml version="1.0" encoding="UTF-8"?>
<testsuite xmlns:xsi="http://www.w3.org/2001/XMLSchema-instance" xsi:noNamespaceSchemaLocation="https://maven.apache.org/surefire/maven-surefire-plugin/xsd/surefire-test-report.xsd" name="io.users.auth.domain.AuthTest" time="0" tests="3" errors="0" skipped="3" failures="0">
  <properties>
[...]
</properties>
  <testcase name="exampleTest" classname="io.users.auth.domain.AuthTest" time="0">
    <skipped message="to be implemented"/>
  </testcase>
  <testcase name="loginTest" classname="io.users.auth.domain.AuthTest" time="0">
    <skipped message="to be implemented"/>
  </testcase>
  <testcase name="registerTest" classname="io.users.auth.domain.AuthTest" time="0">
    <skipped message="to be implemented"/>
  </testcase>
</testsuite>